<?xml version="1.0" encoding="UTF-8"?>
<!-- Generated by org.testng.reporters.JUnitReportReporter -->
<testsuite skipped="0" hostname="LAPTOP-UDOD7SLT" name="EndToEndProject.SeleniumFrameworkFinal.HomePageTest" tests="1" failures="0" timestamp="24 Aug 2021 17:44:14 GMT" time="57.148" errors="0">
  <testcase name="openUrl" time="57.148" classname="EndToEndProject.SeleniumFrameworkFinal.HomePageTest"/>
</testsuite> <!-- EndToEndProject.SeleniumFrameworkFinal.HomePageTest -->
