<?xml version="1.0" encoding="UTF-8"?>
<!-- Generated by org.testng.reporters.JUnitReportReporter -->
<testsuite skipped="0" hostname="LAPTOP-UDOD7SLT" name="Test.ClickAndSearchTest" tests="2" failures="0" timestamp="27 Aug 2021 16:38:03 GMT" time="0.589" errors="0">
  <testcase name="search" time="0.559" classname="Test.ClickAndSearchTest"/>
  <testcase name="click" time="0.030" classname="Test.ClickAndSearchTest"/>
</testsuite> <!-- Test.ClickAndSearchTest -->
