<?xml version="1.0" encoding="UTF-8"?>
<!-- Generated by org.testng.reporters.JUnitReportReporter -->
<testsuite skipped="0" hostname="LAPTOP-UDOD7SLT" name="Test.GetQueryTest" tests="1" failures="0" timestamp="27 Aug 2021 16:38:03 GMT" time="0.036" errors="0">
  <testcase name="ClickOnButton" time="0.036" classname="Test.GetQueryTest"/>
</testsuite> <!-- Test.GetQueryTest -->
