<?xml version="1.0" encoding="UTF-8"?>
<!-- Generated by org.testng.reporters.JUnitReportReporter -->
<testsuite skipped="0" hostname="LAPTOP-UDOD7SLT" name="Test.HomePageTest" tests="2" failures="0" timestamp="27 Aug 2021 16:38:03 GMT" time="6.144" errors="0">
  <testcase name="validateTitle" time="1.589" classname="Test.HomePageTest"/>
  <testcase name="openUrl" time="4.555" classname="Test.HomePageTest"/>
</testsuite> <!-- Test.HomePageTest -->
