<?xml version="1.0" encoding="UTF-8"?>
<!-- Generated by org.testng.reporters.JUnitReportReporter -->
<testsuite skipped="0" hostname="LAPTOP-UDOD7SLT" name="Test.GetQueryTest" tests="1" failures="0" timestamp="28 Aug 2021 06:21:09 GMT" time="0.296" errors="0">
  <testcase name="ClickOnButton" time="0.296" classname="Test.GetQueryTest"/>
</testsuite> <!-- Test.GetQueryTest -->
