<?xml version="1.0" encoding="UTF-8"?>
<!-- Generated by org.testng.reporters.JUnitReportReporter -->
<testsuite skipped="0" hostname="LAPTOP-UDOD7SLT" name="Test.ClickAndSearchTest" tests="2" failures="0" timestamp="28 Aug 2021 06:21:09 GMT" time="1.404" errors="0">
  <testcase name="search" time="1.369" classname="Test.ClickAndSearchTest"/>
  <testcase name="click" time="0.035" classname="Test.ClickAndSearchTest"/>
</testsuite> <!-- Test.ClickAndSearchTest -->
