<?xml version="1.0" encoding="UTF-8"?>
<!-- Generated by org.testng.reporters.JUnitReportReporter -->
<testsuite skipped="0" hostname="LAPTOP-UDOD7SLT" name="Test.ClickAndSearch" tests="2" failures="0" timestamp="27 Aug 2021 15:37:20 GMT" time="10.244" errors="0">
  <testcase name="search" time="0.674" classname="Test.ClickAndSearch"/>
  <testcase name="click" time="9.570" classname="Test.ClickAndSearch"/>
</testsuite> <!-- Test.ClickAndSearch -->
